2014-04-21 14:16:01,314 - [INFO] - from play in main 
Listening for HTTP on /0:0:0:0:0:0:0:0%0:9000

2014-04-21 14:17:06,267 - [INFO] - from play in New I/O  worker #1 
database [default] connected at jdbc:mysql://localhost/time_trotter

2014-04-21 14:17:07,214 - [INFO] - from play in New I/O  worker #1 
Application started (Dev)

2014-04-21 14:17:57,121 - [ERROR] - from application in play-internal-execution-context-2 


! @6i1lnl39b - Internal server error, for (GET) [/userStatusSearch?_search=false&nd=1398104277081&rows=10&page=1&sidx=&sord=asc] ->

play.api.Application$$anon$1: Execution exception[[NullPointerException: null]]
	at play.api.Application$class.handleError(Application.scala:289) ~[play_2.10.jar:2.1.0]
	at play.api.DefaultApplication.handleError(Application.scala:383) [play_2.10.jar:2.1.0]
	at play.core.server.netty.PlayDefaultUpstreamHandler$$anon$2$$anonfun$handle$1.apply(PlayDefaultUpstreamHandler.scala:132) [play_2.10.jar:2.1.0]
	at play.core.server.netty.PlayDefaultUpstreamHandler$$anon$2$$anonfun$handle$1.apply(PlayDefaultUpstreamHandler.scala:128) [play_2.10.jar:2.1.0]
	at play.api.libs.concurrent.PlayPromise$$anonfun$extend1$1.apply(Promise.scala:113) [play_2.10.jar:2.1.0]
	at play.api.libs.concurrent.PlayPromise$$anonfun$extend1$1.apply(Promise.scala:113) [play_2.10.jar:2.1.0]
	at play.api.libs.concurrent.PlayPromise$$anonfun$extend$1$$anonfun$apply$1.apply(Promise.scala:104) [play_2.10.jar:2.1.0]
	at scala.concurrent.impl.Future$PromiseCompletingRunnable.liftedTree1$1(Future.scala:24) [scala-library.jar:na]
	at scala.concurrent.impl.Future$PromiseCompletingRunnable.run(Future.scala:24) [scala-library.jar:na]
	at java.util.concurrent.ThreadPoolExecutor$Worker.runTask(ThreadPoolExecutor.java:895) [na:1.6.0_65]
	at java.util.concurrent.ThreadPoolExecutor$Worker.run(ThreadPoolExecutor.java:918) [na:1.6.0_65]
	at java.lang.Thread.run(Thread.java:695) [na:1.6.0_65]
java.lang.NullPointerException: null
	at com.custom.ui.search.helper.UserStatusSearchContext.doSearch(UserStatusSearchContext.java:211) ~[na:na]
	at controllers.Status.userSearch(Status.java:49) ~[na:na]
	at Routes$$anonfun$routes$1$$anonfun$applyOrElse$112$$anonfun$apply$112.apply(routes_routing.scala:1513) ~[na:na]
	at Routes$$anonfun$routes$1$$anonfun$applyOrElse$112$$anonfun$apply$112.apply(routes_routing.scala:1513) ~[na:na]
	at play.core.Router$HandlerInvoker$$anon$6$$anon$2.invocation(Router.scala:141) ~[play_2.10.jar:2.1.0]
	at play.core.Router$Routes$$anon$1.invocation(Router.scala:322) ~[play_2.10.jar:2.1.0]
	at play.core.j.JavaAction$$anon$1.call(JavaAction.scala:31) ~[play_2.10.jar:2.1.0]
	at play.GlobalSettings$1.call(GlobalSettings.java:63) ~[play_2.10.jar:2.1.0]
	at com.mnt.core.auth.BasicAuthAction.call(BasicAuthAction.java:22) ~[na:na]
	at play.mvc.Security$AuthenticatedAction.call(Security.java:39) ~[play_2.10.jar:2.1.0]
	at play.core.j.JavaAction$$anon$2.apply(JavaAction.scala:74) ~[play_2.10.jar:2.1.0]
	at play.core.j.JavaAction$$anon$2.apply(JavaAction.scala:73) ~[play_2.10.jar:2.1.0]
	at play.libs.F$Promise$PromiseActor.onReceive(F.java:420) ~[play_2.10.jar:2.1.0]
	at akka.actor.UntypedActor$$anonfun$receive$1.applyOrElse(UntypedActor.scala:159) ~[akka-actor_2.10.jar:na]
	at akka.actor.ActorCell.receiveMessage(ActorCell.scala:425) ~[akka-actor_2.10.jar:na]
	at akka.actor.ActorCell.invoke(ActorCell.scala:386) ~[akka-actor_2.10.jar:na]
	at akka.dispatch.Mailbox.processMailbox(Mailbox.scala:230) ~[akka-actor_2.10.jar:na]
	at akka.dispatch.Mailbox.run(Mailbox.scala:212) ~[akka-actor_2.10.jar:na]
	at akka.dispatch.ForkJoinExecutorConfigurator$MailboxExecutionTask.exec(AbstractDispatcher.scala:502) ~[akka-actor_2.10.jar:na]
	at scala.concurrent.forkjoin.ForkJoinTask.doExec(ForkJoinTask.java:262) ~[scala-library.jar:na]
	at scala.concurrent.forkjoin.ForkJoinPool$WorkQueue.runTask(ForkJoinPool.java:975) ~[scala-library.jar:na]
	at scala.concurrent.forkjoin.ForkJoinPool.runWorker(ForkJoinPool.java:1478) ~[scala-library.jar:na]
	at scala.concurrent.forkjoin.ForkJoinWorkerThread.run(ForkJoinWorkerThread.java:104) ~[scala-library.jar:na]

2014-04-21 14:17:57,174 - [INFO] - from play in play-internal-execution-context-2 
Starting application default Akka system.

2014-04-21 14:19:48,358 - [ERROR] - from application in play-internal-execution-context-2 


! @6i1lo1bo1 - Internal server error, for (GET) [/userStatusSearch?_search=false&nd=1398104388338&rows=10&page=1&sidx=&sord=asc] ->

play.api.Application$$anon$1: Execution exception[[NullPointerException: null]]
	at play.api.Application$class.handleError(Application.scala:289) ~[play_2.10.jar:2.1.0]
	at play.api.DefaultApplication.handleError(Application.scala:383) [play_2.10.jar:2.1.0]
	at play.core.server.netty.PlayDefaultUpstreamHandler$$anon$2$$anonfun$handle$1.apply(PlayDefaultUpstreamHandler.scala:132) [play_2.10.jar:2.1.0]
	at play.core.server.netty.PlayDefaultUpstreamHandler$$anon$2$$anonfun$handle$1.apply(PlayDefaultUpstreamHandler.scala:128) [play_2.10.jar:2.1.0]
	at play.api.libs.concurrent.PlayPromise$$anonfun$extend1$1.apply(Promise.scala:113) [play_2.10.jar:2.1.0]
	at play.api.libs.concurrent.PlayPromise$$anonfun$extend1$1.apply(Promise.scala:113) [play_2.10.jar:2.1.0]
	at play.api.libs.concurrent.PlayPromise$$anonfun$extend$1$$anonfun$apply$1.apply(Promise.scala:104) [play_2.10.jar:2.1.0]
	at scala.concurrent.impl.Future$PromiseCompletingRunnable.liftedTree1$1(Future.scala:24) [scala-library.jar:na]
	at scala.concurrent.impl.Future$PromiseCompletingRunnable.run(Future.scala:24) [scala-library.jar:na]
	at java.util.concurrent.ThreadPoolExecutor$Worker.runTask(ThreadPoolExecutor.java:895) [na:1.6.0_65]
	at java.util.concurrent.ThreadPoolExecutor$Worker.run(ThreadPoolExecutor.java:918) [na:1.6.0_65]
	at java.lang.Thread.run(Thread.java:695) [na:1.6.0_65]
java.lang.NullPointerException: null
	at com.custom.ui.search.helper.UserStatusSearchContext.doSearch(UserStatusSearchContext.java:211) ~[na:na]
	at controllers.Status.userSearch(Status.java:49) ~[na:na]
	at Routes$$anonfun$routes$1$$anonfun$applyOrElse$112$$anonfun$apply$112.apply(routes_routing.scala:1513) ~[na:na]
	at Routes$$anonfun$routes$1$$anonfun$applyOrElse$112$$anonfun$apply$112.apply(routes_routing.scala:1513) ~[na:na]
	at play.core.Router$HandlerInvoker$$anon$6$$anon$2.invocation(Router.scala:141) ~[play_2.10.jar:2.1.0]
	at play.core.Router$Routes$$anon$1.invocation(Router.scala:322) ~[play_2.10.jar:2.1.0]
	at play.core.j.JavaAction$$anon$1.call(JavaAction.scala:31) ~[play_2.10.jar:2.1.0]
	at play.GlobalSettings$1.call(GlobalSettings.java:63) ~[play_2.10.jar:2.1.0]
	at com.mnt.core.auth.BasicAuthAction.call(BasicAuthAction.java:22) ~[na:na]
	at play.mvc.Security$AuthenticatedAction.call(Security.java:39) ~[play_2.10.jar:2.1.0]
	at play.core.j.JavaAction$$anon$2.apply(JavaAction.scala:74) ~[play_2.10.jar:2.1.0]
	at play.core.j.JavaAction$$anon$2.apply(JavaAction.scala:73) ~[play_2.10.jar:2.1.0]
	at play.libs.F$Promise$PromiseActor.onReceive(F.java:420) ~[play_2.10.jar:2.1.0]
	at akka.actor.UntypedActor$$anonfun$receive$1.applyOrElse(UntypedActor.scala:159) ~[akka-actor_2.10.jar:na]
	at akka.actor.ActorCell.receiveMessage(ActorCell.scala:425) ~[akka-actor_2.10.jar:na]
	at akka.actor.ActorCell.invoke(ActorCell.scala:386) ~[akka-actor_2.10.jar:na]
	at akka.dispatch.Mailbox.processMailbox(Mailbox.scala:230) ~[akka-actor_2.10.jar:na]
	at akka.dispatch.Mailbox.run(Mailbox.scala:212) ~[akka-actor_2.10.jar:na]
	at akka.dispatch.ForkJoinExecutorConfigurator$MailboxExecutionTask.exec(AbstractDispatcher.scala:502) ~[akka-actor_2.10.jar:na]
	at scala.concurrent.forkjoin.ForkJoinTask.doExec(ForkJoinTask.java:262) ~[scala-library.jar:na]
	at scala.concurrent.forkjoin.ForkJoinPool$WorkQueue.runTask(ForkJoinPool.java:975) ~[scala-library.jar:na]
	at scala.concurrent.forkjoin.ForkJoinPool.runWorker(ForkJoinPool.java:1478) ~[scala-library.jar:na]
	at scala.concurrent.forkjoin.ForkJoinWorkerThread.run(ForkJoinWorkerThread.java:104) ~[scala-library.jar:na]

2014-04-21 14:21:20,378 - [ERROR] - from application in play-internal-execution-context-1 


! @6i1lo6i18 - Internal server error, for (GET) [/findPM?query=s&param=undefined&page_limit=10&_=1398104442484] ->

play.api.Application$$anon$1: Execution exception[[NumberFormatException: For input string: "undefined"]]
	at play.api.Application$class.handleError(Application.scala:289) ~[play_2.10.jar:2.1.0]
	at play.api.DefaultApplication.handleError(Application.scala:383) [play_2.10.jar:2.1.0]
	at play.core.server.netty.PlayDefaultUpstreamHandler$$anon$2$$anonfun$handle$1.apply(PlayDefaultUpstreamHandler.scala:132) [play_2.10.jar:2.1.0]
	at play.core.server.netty.PlayDefaultUpstreamHandler$$anon$2$$anonfun$handle$1.apply(PlayDefaultUpstreamHandler.scala:128) [play_2.10.jar:2.1.0]
	at play.api.libs.concurrent.PlayPromise$$anonfun$extend1$1.apply(Promise.scala:113) [play_2.10.jar:2.1.0]
	at play.api.libs.concurrent.PlayPromise$$anonfun$extend1$1.apply(Promise.scala:113) [play_2.10.jar:2.1.0]
	at play.api.libs.concurrent.PlayPromise$$anonfun$extend$1$$anonfun$apply$1.apply(Promise.scala:104) [play_2.10.jar:2.1.0]
	at scala.concurrent.impl.Future$PromiseCompletingRunnable.liftedTree1$1(Future.scala:24) [scala-library.jar:na]
	at scala.concurrent.impl.Future$PromiseCompletingRunnable.run(Future.scala:24) [scala-library.jar:na]
	at java.util.concurrent.ThreadPoolExecutor$Worker.runTask(ThreadPoolExecutor.java:895) [na:1.6.0_65]
	at java.util.concurrent.ThreadPoolExecutor$Worker.run(ThreadPoolExecutor.java:918) [na:1.6.0_65]
	at java.lang.Thread.run(Thread.java:695) [na:1.6.0_65]
java.lang.NumberFormatException: For input string: "undefined"
	at java.lang.NumberFormatException.forInputString(NumberFormatException.java:48) ~[na:1.6.0_65]
	at java.lang.Long.parseLong(Long.java:410) ~[na:1.6.0_65]
	at java.lang.Long.parseLong(Long.java:468) ~[na:1.6.0_65]
	at controllers.Users.findUpperLevelUser(Users.java:253) ~[na:na]
	at controllers.Users.findProjectManagers(Users.java:181) ~[na:na]
	at Routes$$anonfun$routes$1$$anonfun$applyOrElse$44$$anonfun$apply$44.apply(routes_routing.scala:969) ~[na:na]
	at Routes$$anonfun$routes$1$$anonfun$applyOrElse$44$$anonfun$apply$44.apply(routes_routing.scala:969) ~[na:na]
	at play.core.Router$HandlerInvoker$$anon$6$$anon$2.invocation(Router.scala:141) ~[play_2.10.jar:2.1.0]
	at play.core.Router$Routes$$anon$1.invocation(Router.scala:322) ~[play_2.10.jar:2.1.0]
	at play.core.j.JavaAction$$anon$1.call(JavaAction.scala:31) ~[play_2.10.jar:2.1.0]
	at play.GlobalSettings$1.call(GlobalSettings.java:63) ~[play_2.10.jar:2.1.0]
	at com.mnt.core.auth.BasicAuthAction.call(BasicAuthAction.java:22) ~[na:na]
	at play.mvc.Security$AuthenticatedAction.call(Security.java:39) ~[play_2.10.jar:2.1.0]
	at play.core.j.JavaAction$$anon$2.apply(JavaAction.scala:74) ~[play_2.10.jar:2.1.0]
	at play.core.j.JavaAction$$anon$2.apply(JavaAction.scala:73) ~[play_2.10.jar:2.1.0]
	at play.libs.F$Promise$PromiseActor.onReceive(F.java:420) ~[play_2.10.jar:2.1.0]
	at akka.actor.UntypedActor$$anonfun$receive$1.applyOrElse(UntypedActor.scala:159) ~[akka-actor_2.10.jar:na]
	at akka.actor.ActorCell.receiveMessage(ActorCell.scala:425) ~[akka-actor_2.10.jar:na]
	at akka.actor.ActorCell.invoke(ActorCell.scala:386) ~[akka-actor_2.10.jar:na]
	at akka.dispatch.Mailbox.processMailbox(Mailbox.scala:230) ~[akka-actor_2.10.jar:na]
	at akka.dispatch.Mailbox.run(Mailbox.scala:212) ~[akka-actor_2.10.jar:na]
	at akka.dispatch.ForkJoinExecutorConfigurator$MailboxExecutionTask.exec(AbstractDispatcher.scala:502) ~[akka-actor_2.10.jar:na]
	at scala.concurrent.forkjoin.ForkJoinTask.doExec(ForkJoinTask.java:262) ~[scala-library.jar:na]
	at scala.concurrent.forkjoin.ForkJoinPool$WorkQueue.runTask(ForkJoinPool.java:975) ~[scala-library.jar:na]
	at scala.concurrent.forkjoin.ForkJoinPool.runWorker(ForkJoinPool.java:1478) ~[scala-library.jar:na]
	at scala.concurrent.forkjoin.ForkJoinWorkerThread.run(ForkJoinWorkerThread.java:104) ~[scala-library.jar:na]

2014-04-21 14:21:20,499 - [ERROR] - from application in play-internal-execution-context-3 


! @6i1lo6i5p - Internal server error, for (GET) [/findPM?query=su&param=undefined&page_limit=10&_=1398104442485] ->

play.api.Application$$anon$1: Execution exception[[NumberFormatException: For input string: "undefined"]]
	at play.api.Application$class.handleError(Application.scala:289) ~[play_2.10.jar:2.1.0]
	at play.api.DefaultApplication.handleError(Application.scala:383) [play_2.10.jar:2.1.0]
	at play.core.server.netty.PlayDefaultUpstreamHandler$$anon$2$$anonfun$handle$1.apply(PlayDefaultUpstreamHandler.scala:132) [play_2.10.jar:2.1.0]
	at play.core.server.netty.PlayDefaultUpstreamHandler$$anon$2$$anonfun$handle$1.apply(PlayDefaultUpstreamHandler.scala:128) [play_2.10.jar:2.1.0]
	at play.api.libs.concurrent.PlayPromise$$anonfun$extend1$1.apply(Promise.scala:113) [play_2.10.jar:2.1.0]
	at play.api.libs.concurrent.PlayPromise$$anonfun$extend1$1.apply(Promise.scala:113) [play_2.10.jar:2.1.0]
	at play.api.libs.concurrent.PlayPromise$$anonfun$extend$1$$anonfun$apply$1.apply(Promise.scala:104) [play_2.10.jar:2.1.0]
	at scala.concurrent.impl.Future$PromiseCompletingRunnable.liftedTree1$1(Future.scala:24) [scala-library.jar:na]
	at scala.concurrent.impl.Future$PromiseCompletingRunnable.run(Future.scala:24) [scala-library.jar:na]
	at java.util.concurrent.ThreadPoolExecutor$Worker.runTask(ThreadPoolExecutor.java:895) [na:1.6.0_65]
	at java.util.concurrent.ThreadPoolExecutor$Worker.run(ThreadPoolExecutor.java:918) [na:1.6.0_65]
	at java.lang.Thread.run(Thread.java:695) [na:1.6.0_65]
java.lang.NumberFormatException: For input string: "undefined"
	at java.lang.NumberFormatException.forInputString(NumberFormatException.java:48) ~[na:1.6.0_65]
	at java.lang.Long.parseLong(Long.java:410) ~[na:1.6.0_65]
	at java.lang.Long.parseLong(Long.java:468) ~[na:1.6.0_65]
	at controllers.Users.findUpperLevelUser(Users.java:253) ~[na:na]
	at controllers.Users.findProjectManagers(Users.java:181) ~[na:na]
	at Routes$$anonfun$routes$1$$anonfun$applyOrElse$44$$anonfun$apply$44.apply(routes_routing.scala:969) ~[na:na]
	at Routes$$anonfun$routes$1$$anonfun$applyOrElse$44$$anonfun$apply$44.apply(routes_routing.scala:969) ~[na:na]
	at play.core.Router$HandlerInvoker$$anon$6$$anon$2.invocation(Router.scala:141) ~[play_2.10.jar:2.1.0]
	at play.core.Router$Routes$$anon$1.invocation(Router.scala:322) ~[play_2.10.jar:2.1.0]
	at play.core.j.JavaAction$$anon$1.call(JavaAction.scala:31) ~[play_2.10.jar:2.1.0]
	at play.GlobalSettings$1.call(GlobalSettings.java:63) ~[play_2.10.jar:2.1.0]
	at com.mnt.core.auth.BasicAuthAction.call(BasicAuthAction.java:22) ~[na:na]
	at play.mvc.Security$AuthenticatedAction.call(Security.java:39) ~[play_2.10.jar:2.1.0]
	at play.core.j.JavaAction$$anon$2.apply(JavaAction.scala:74) ~[play_2.10.jar:2.1.0]
	at play.core.j.JavaAction$$anon$2.apply(JavaAction.scala:73) ~[play_2.10.jar:2.1.0]
	at play.libs.F$Promise$PromiseActor.onReceive(F.java:420) ~[play_2.10.jar:2.1.0]
	at akka.actor.UntypedActor$$anonfun$receive$1.applyOrElse(UntypedActor.scala:159) ~[akka-actor_2.10.jar:na]
	at akka.actor.ActorCell.receiveMessage(ActorCell.scala:425) ~[akka-actor_2.10.jar:na]
	at akka.actor.ActorCell.invoke(ActorCell.scala:386) ~[akka-actor_2.10.jar:na]
	at akka.dispatch.Mailbox.processMailbox(Mailbox.scala:230) ~[akka-actor_2.10.jar:na]
	at akka.dispatch.Mailbox.run(Mailbox.scala:212) ~[akka-actor_2.10.jar:na]
	at akka.dispatch.ForkJoinExecutorConfigurator$MailboxExecutionTask.exec(AbstractDispatcher.scala:502) ~[akka-actor_2.10.jar:na]
	at scala.concurrent.forkjoin.ForkJoinTask.doExec(ForkJoinTask.java:262) ~[scala-library.jar:na]
	at scala.concurrent.forkjoin.ForkJoinPool$WorkQueue.runTask(ForkJoinPool.java:975) ~[scala-library.jar:na]
	at scala.concurrent.forkjoin.ForkJoinPool.runWorker(ForkJoinPool.java:1478) ~[scala-library.jar:na]
	at scala.concurrent.forkjoin.ForkJoinWorkerThread.run(ForkJoinWorkerThread.java:104) ~[scala-library.jar:na]

2014-04-21 14:21:22,449 - [ERROR] - from application in play-internal-execution-context-2 


! @6i1lo6l2p - Internal server error, for (GET) [/findPM?query=s&param=undefined&page_limit=10&_=1398104442486] ->

play.api.Application$$anon$1: Execution exception[[NumberFormatException: For input string: "undefined"]]
	at play.api.Application$class.handleError(Application.scala:289) ~[play_2.10.jar:2.1.0]
	at play.api.DefaultApplication.handleError(Application.scala:383) [play_2.10.jar:2.1.0]
	at play.core.server.netty.PlayDefaultUpstreamHandler$$anon$2$$anonfun$handle$1.apply(PlayDefaultUpstreamHandler.scala:132) [play_2.10.jar:2.1.0]
	at play.core.server.netty.PlayDefaultUpstreamHandler$$anon$2$$anonfun$handle$1.apply(PlayDefaultUpstreamHandler.scala:128) [play_2.10.jar:2.1.0]
	at play.api.libs.concurrent.PlayPromise$$anonfun$extend1$1.apply(Promise.scala:113) [play_2.10.jar:2.1.0]
	at play.api.libs.concurrent.PlayPromise$$anonfun$extend1$1.apply(Promise.scala:113) [play_2.10.jar:2.1.0]
	at play.api.libs.concurrent.PlayPromise$$anonfun$extend$1$$anonfun$apply$1.apply(Promise.scala:104) [play_2.10.jar:2.1.0]
	at scala.concurrent.impl.Future$PromiseCompletingRunnable.liftedTree1$1(Future.scala:24) [scala-library.jar:na]
	at scala.concurrent.impl.Future$PromiseCompletingRunnable.run(Future.scala:24) [scala-library.jar:na]
	at java.util.concurrent.ThreadPoolExecutor$Worker.runTask(ThreadPoolExecutor.java:895) [na:1.6.0_65]
	at java.util.concurrent.ThreadPoolExecutor$Worker.run(ThreadPoolExecutor.java:918) [na:1.6.0_65]
	at java.lang.Thread.run(Thread.java:695) [na:1.6.0_65]
java.lang.NumberFormatException: For input string: "undefined"
	at java.lang.NumberFormatException.forInputString(NumberFormatException.java:48) ~[na:1.6.0_65]
	at java.lang.Long.parseLong(Long.java:410) ~[na:1.6.0_65]
	at java.lang.Long.parseLong(Long.java:468) ~[na:1.6.0_65]
	at controllers.Users.findUpperLevelUser(Users.java:253) ~[na:na]
	at controllers.Users.findProjectManagers(Users.java:181) ~[na:na]
	at Routes$$anonfun$routes$1$$anonfun$applyOrElse$44$$anonfun$apply$44.apply(routes_routing.scala:969) ~[na:na]
	at Routes$$anonfun$routes$1$$anonfun$applyOrElse$44$$anonfun$apply$44.apply(routes_routing.scala:969) ~[na:na]
	at play.core.Router$HandlerInvoker$$anon$6$$anon$2.invocation(Router.scala:141) ~[play_2.10.jar:2.1.0]
	at play.core.Router$Routes$$anon$1.invocation(Router.scala:322) ~[play_2.10.jar:2.1.0]
	at play.core.j.JavaAction$$anon$1.call(JavaAction.scala:31) ~[play_2.10.jar:2.1.0]
	at play.GlobalSettings$1.call(GlobalSettings.java:63) ~[play_2.10.jar:2.1.0]
	at com.mnt.core.auth.BasicAuthAction.call(BasicAuthAction.java:22) ~[na:na]
	at play.mvc.Security$AuthenticatedAction.call(Security.java:39) ~[play_2.10.jar:2.1.0]
	at play.core.j.JavaAction$$anon$2.apply(JavaAction.scala:74) ~[play_2.10.jar:2.1.0]
	at play.core.j.JavaAction$$anon$2.apply(JavaAction.scala:73) ~[play_2.10.jar:2.1.0]
	at play.libs.F$Promise$PromiseActor.onReceive(F.java:420) ~[play_2.10.jar:2.1.0]
	at akka.actor.UntypedActor$$anonfun$receive$1.applyOrElse(UntypedActor.scala:159) ~[akka-actor_2.10.jar:na]
	at akka.actor.ActorCell.receiveMessage(ActorCell.scala:425) ~[akka-actor_2.10.jar:na]
	at akka.actor.ActorCell.invoke(ActorCell.scala:386) ~[akka-actor_2.10.jar:na]
	at akka.dispatch.Mailbox.processMailbox(Mailbox.scala:230) ~[akka-actor_2.10.jar:na]
	at akka.dispatch.Mailbox.run(Mailbox.scala:212) ~[akka-actor_2.10.jar:na]
	at akka.dispatch.ForkJoinExecutorConfigurator$MailboxExecutionTask.exec(AbstractDispatcher.scala:502) ~[akka-actor_2.10.jar:na]
	at scala.concurrent.forkjoin.ForkJoinTask.doExec(ForkJoinTask.java:262) ~[scala-library.jar:na]
	at scala.concurrent.forkjoin.ForkJoinPool$WorkQueue.runTask(ForkJoinPool.java:975) ~[scala-library.jar:na]
	at scala.concurrent.forkjoin.ForkJoinPool.runWorker(ForkJoinPool.java:1478) ~[scala-library.jar:na]
	at scala.concurrent.forkjoin.ForkJoinWorkerThread.run(ForkJoinWorkerThread.java:104) ~[scala-library.jar:na]

2014-04-21 14:21:23,250 - [ERROR] - from application in play-internal-execution-context-3 


! @6i1lo6m7j - Internal server error, for (GET) [/findPM?query=p&param=undefined&page_limit=10&_=1398104442487] ->

play.api.Application$$anon$1: Execution exception[[NumberFormatException: For input string: "undefined"]]
	at play.api.Application$class.handleError(Application.scala:289) ~[play_2.10.jar:2.1.0]
	at play.api.DefaultApplication.handleError(Application.scala:383) [play_2.10.jar:2.1.0]
	at play.core.server.netty.PlayDefaultUpstreamHandler$$anon$2$$anonfun$handle$1.apply(PlayDefaultUpstreamHandler.scala:132) [play_2.10.jar:2.1.0]
	at play.core.server.netty.PlayDefaultUpstreamHandler$$anon$2$$anonfun$handle$1.apply(PlayDefaultUpstreamHandler.scala:128) [play_2.10.jar:2.1.0]
	at play.api.libs.concurrent.PlayPromise$$anonfun$extend1$1.apply(Promise.scala:113) [play_2.10.jar:2.1.0]
	at play.api.libs.concurrent.PlayPromise$$anonfun$extend1$1.apply(Promise.scala:113) [play_2.10.jar:2.1.0]
	at play.api.libs.concurrent.PlayPromise$$anonfun$extend$1$$anonfun$apply$1.apply(Promise.scala:104) [play_2.10.jar:2.1.0]
	at scala.concurrent.impl.Future$PromiseCompletingRunnable.liftedTree1$1(Future.scala:24) [scala-library.jar:na]
	at scala.concurrent.impl.Future$PromiseCompletingRunnable.run(Future.scala:24) [scala-library.jar:na]
	at java.util.concurrent.ThreadPoolExecutor$Worker.runTask(ThreadPoolExecutor.java:895) [na:1.6.0_65]
	at java.util.concurrent.ThreadPoolExecutor$Worker.run(ThreadPoolExecutor.java:918) [na:1.6.0_65]
	at java.lang.Thread.run(Thread.java:695) [na:1.6.0_65]
java.lang.NumberFormatException: For input string: "undefined"
	at java.lang.NumberFormatException.forInputString(NumberFormatException.java:48) ~[na:1.6.0_65]
	at java.lang.Long.parseLong(Long.java:410) ~[na:1.6.0_65]
	at java.lang.Long.parseLong(Long.java:468) ~[na:1.6.0_65]
	at controllers.Users.findUpperLevelUser(Users.java:253) ~[na:na]
	at controllers.Users.findProjectManagers(Users.java:181) ~[na:na]
	at Routes$$anonfun$routes$1$$anonfun$applyOrElse$44$$anonfun$apply$44.apply(routes_routing.scala:969) ~[na:na]
	at Routes$$anonfun$routes$1$$anonfun$applyOrElse$44$$anonfun$apply$44.apply(routes_routing.scala:969) ~[na:na]
	at play.core.Router$HandlerInvoker$$anon$6$$anon$2.invocation(Router.scala:141) ~[play_2.10.jar:2.1.0]
	at play.core.Router$Routes$$anon$1.invocation(Router.scala:322) ~[play_2.10.jar:2.1.0]
	at play.core.j.JavaAction$$anon$1.call(JavaAction.scala:31) ~[play_2.10.jar:2.1.0]
	at play.GlobalSettings$1.call(GlobalSettings.java:63) ~[play_2.10.jar:2.1.0]
	at com.mnt.core.auth.BasicAuthAction.call(BasicAuthAction.java:22) ~[na:na]
	at play.mvc.Security$AuthenticatedAction.call(Security.java:39) ~[play_2.10.jar:2.1.0]
	at play.core.j.JavaAction$$anon$2.apply(JavaAction.scala:74) ~[play_2.10.jar:2.1.0]
	at play.core.j.JavaAction$$anon$2.apply(JavaAction.scala:73) ~[play_2.10.jar:2.1.0]
	at play.libs.F$Promise$PromiseActor.onReceive(F.java:420) ~[play_2.10.jar:2.1.0]
	at akka.actor.UntypedActor$$anonfun$receive$1.applyOrElse(UntypedActor.scala:159) ~[akka-actor_2.10.jar:na]
	at akka.actor.ActorCell.receiveMessage(ActorCell.scala:425) ~[akka-actor_2.10.jar:na]
	at akka.actor.ActorCell.invoke(ActorCell.scala:386) ~[akka-actor_2.10.jar:na]
	at akka.dispatch.Mailbox.processMailbox(Mailbox.scala:230) ~[akka-actor_2.10.jar:na]
	at akka.dispatch.Mailbox.run(Mailbox.scala:212) ~[akka-actor_2.10.jar:na]
	at akka.dispatch.ForkJoinExecutorConfigurator$MailboxExecutionTask.exec(AbstractDispatcher.scala:502) ~[akka-actor_2.10.jar:na]
	at scala.concurrent.forkjoin.ForkJoinTask.doExec(ForkJoinTask.java:262) ~[scala-library.jar:na]
	at scala.concurrent.forkjoin.ForkJoinPool$WorkQueue.runTask(ForkJoinPool.java:975) ~[scala-library.jar:na]
	at scala.concurrent.forkjoin.ForkJoinPool.runWorker(ForkJoinPool.java:1478) ~[scala-library.jar:na]
	at scala.concurrent.forkjoin.ForkJoinWorkerThread.run(ForkJoinWorkerThread.java:104) ~[scala-library.jar:na]

2014-04-21 14:21:23,528 - [ERROR] - from application in play-internal-execution-context-1 


! @6i1lo6mib - Internal server error, for (GET) [/findPM?query=pr&param=undefined&page_limit=10&_=1398104442488] ->

play.api.Application$$anon$1: Execution exception[[NumberFormatException: For input string: "undefined"]]
	at play.api.Application$class.handleError(Application.scala:289) ~[play_2.10.jar:2.1.0]
	at play.api.DefaultApplication.handleError(Application.scala:383) [play_2.10.jar:2.1.0]
	at play.core.server.netty.PlayDefaultUpstreamHandler$$anon$2$$anonfun$handle$1.apply(PlayDefaultUpstreamHandler.scala:132) [play_2.10.jar:2.1.0]
	at play.core.server.netty.PlayDefaultUpstreamHandler$$anon$2$$anonfun$handle$1.apply(PlayDefaultUpstreamHandler.scala:128) [play_2.10.jar:2.1.0]
	at play.api.libs.concurrent.PlayPromise$$anonfun$extend1$1.apply(Promise.scala:113) [play_2.10.jar:2.1.0]
	at play.api.libs.concurrent.PlayPromise$$anonfun$extend1$1.apply(Promise.scala:113) [play_2.10.jar:2.1.0]
	at play.api.libs.concurrent.PlayPromise$$anonfun$extend$1$$anonfun$apply$1.apply(Promise.scala:104) [play_2.10.jar:2.1.0]
	at scala.concurrent.impl.Future$PromiseCompletingRunnable.liftedTree1$1(Future.scala:24) [scala-library.jar:na]
	at scala.concurrent.impl.Future$PromiseCompletingRunnable.run(Future.scala:24) [scala-library.jar:na]
	at java.util.concurrent.ThreadPoolExecutor$Worker.runTask(ThreadPoolExecutor.java:895) [na:1.6.0_65]
	at java.util.concurrent.ThreadPoolExecutor$Worker.run(ThreadPoolExecutor.java:918) [na:1.6.0_65]
	at java.lang.Thread.run(Thread.java:695) [na:1.6.0_65]
java.lang.NumberFormatException: For input string: "undefined"
	at java.lang.NumberFormatException.forInputString(NumberFormatException.java:48) ~[na:1.6.0_65]
	at java.lang.Long.parseLong(Long.java:410) ~[na:1.6.0_65]
	at java.lang.Long.parseLong(Long.java:468) ~[na:1.6.0_65]
	at controllers.Users.findUpperLevelUser(Users.java:253) ~[na:na]
	at controllers.Users.findProjectManagers(Users.java:181) ~[na:na]
	at Routes$$anonfun$routes$1$$anonfun$applyOrElse$44$$anonfun$apply$44.apply(routes_routing.scala:969) ~[na:na]
	at Routes$$anonfun$routes$1$$anonfun$applyOrElse$44$$anonfun$apply$44.apply(routes_routing.scala:969) ~[na:na]
	at play.core.Router$HandlerInvoker$$anon$6$$anon$2.invocation(Router.scala:141) ~[play_2.10.jar:2.1.0]
	at play.core.Router$Routes$$anon$1.invocation(Router.scala:322) ~[play_2.10.jar:2.1.0]
	at play.core.j.JavaAction$$anon$1.call(JavaAction.scala:31) ~[play_2.10.jar:2.1.0]
	at play.GlobalSettings$1.call(GlobalSettings.java:63) ~[play_2.10.jar:2.1.0]
	at com.mnt.core.auth.BasicAuthAction.call(BasicAuthAction.java:22) ~[na:na]
	at play.mvc.Security$AuthenticatedAction.call(Security.java:39) ~[play_2.10.jar:2.1.0]
	at play.core.j.JavaAction$$anon$2.apply(JavaAction.scala:74) ~[play_2.10.jar:2.1.0]
	at play.core.j.JavaAction$$anon$2.apply(JavaAction.scala:73) ~[play_2.10.jar:2.1.0]
	at play.libs.F$Promise$PromiseActor.onReceive(F.java:420) ~[play_2.10.jar:2.1.0]
	at akka.actor.UntypedActor$$anonfun$receive$1.applyOrElse(UntypedActor.scala:159) ~[akka-actor_2.10.jar:na]
	at akka.actor.ActorCell.receiveMessage(ActorCell.scala:425) ~[akka-actor_2.10.jar:na]
	at akka.actor.ActorCell.invoke(ActorCell.scala:386) ~[akka-actor_2.10.jar:na]
	at akka.dispatch.Mailbox.processMailbox(Mailbox.scala:230) ~[akka-actor_2.10.jar:na]
	at akka.dispatch.Mailbox.run(Mailbox.scala:212) ~[akka-actor_2.10.jar:na]
	at akka.dispatch.ForkJoinExecutorConfigurator$MailboxExecutionTask.exec(AbstractDispatcher.scala:502) ~[akka-actor_2.10.jar:na]
	at scala.concurrent.forkjoin.ForkJoinTask.doExec(ForkJoinTask.java:262) ~[scala-library.jar:na]
	at scala.concurrent.forkjoin.ForkJoinPool$WorkQueue.runTask(ForkJoinPool.java:975) ~[scala-library.jar:na]
	at scala.concurrent.forkjoin.ForkJoinPool.runWorker(ForkJoinPool.java:1478) ~[scala-library.jar:na]
	at scala.concurrent.forkjoin.ForkJoinWorkerThread.run(ForkJoinWorkerThread.java:104) ~[scala-library.jar:na]

2014-04-21 14:21:27,433 - [ERROR] - from application in play-internal-execution-context-3 


! @6i1lo72ch - Internal server error, for (GET) [/findPM?query=p&param=undefined&page_limit=10&_=1398104442489] ->

play.api.Application$$anon$1: Execution exception[[NumberFormatException: For input string: "undefined"]]
	at play.api.Application$class.handleError(Application.scala:289) ~[play_2.10.jar:2.1.0]
	at play.api.DefaultApplication.handleError(Application.scala:383) [play_2.10.jar:2.1.0]
	at play.core.server.netty.PlayDefaultUpstreamHandler$$anon$2$$anonfun$handle$1.apply(PlayDefaultUpstreamHandler.scala:132) [play_2.10.jar:2.1.0]
	at play.core.server.netty.PlayDefaultUpstreamHandler$$anon$2$$anonfun$handle$1.apply(PlayDefaultUpstreamHandler.scala:128) [play_2.10.jar:2.1.0]
	at play.api.libs.concurrent.PlayPromise$$anonfun$extend1$1.apply(Promise.scala:113) [play_2.10.jar:2.1.0]
	at play.api.libs.concurrent.PlayPromise$$anonfun$extend1$1.apply(Promise.scala:113) [play_2.10.jar:2.1.0]
	at play.api.libs.concurrent.PlayPromise$$anonfun$extend$1$$anonfun$apply$1.apply(Promise.scala:104) [play_2.10.jar:2.1.0]
	at scala.concurrent.impl.Future$PromiseCompletingRunnable.liftedTree1$1(Future.scala:24) [scala-library.jar:na]
	at scala.concurrent.impl.Future$PromiseCompletingRunnable.run(Future.scala:24) [scala-library.jar:na]
	at java.util.concurrent.ThreadPoolExecutor$Worker.runTask(ThreadPoolExecutor.java:895) [na:1.6.0_65]
	at java.util.concurrent.ThreadPoolExecutor$Worker.run(ThreadPoolExecutor.java:918) [na:1.6.0_65]
	at java.lang.Thread.run(Thread.java:695) [na:1.6.0_65]
java.lang.NumberFormatException: For input string: "undefined"
	at java.lang.NumberFormatException.forInputString(NumberFormatException.java:48) ~[na:1.6.0_65]
	at java.lang.Long.parseLong(Long.java:410) ~[na:1.6.0_65]
	at java.lang.Long.parseLong(Long.java:468) ~[na:1.6.0_65]
	at controllers.Users.findUpperLevelUser(Users.java:253) ~[na:na]
	at controllers.Users.findProjectManagers(Users.java:181) ~[na:na]
	at Routes$$anonfun$routes$1$$anonfun$applyOrElse$44$$anonfun$apply$44.apply(routes_routing.scala:969) ~[na:na]
	at Routes$$anonfun$routes$1$$anonfun$applyOrElse$44$$anonfun$apply$44.apply(routes_routing.scala:969) ~[na:na]
	at play.core.Router$HandlerInvoker$$anon$6$$anon$2.invocation(Router.scala:141) ~[play_2.10.jar:2.1.0]
	at play.core.Router$Routes$$anon$1.invocation(Router.scala:322) ~[play_2.10.jar:2.1.0]
	at play.core.j.JavaAction$$anon$1.call(JavaAction.scala:31) ~[play_2.10.jar:2.1.0]
	at play.GlobalSettings$1.call(GlobalSettings.java:63) ~[play_2.10.jar:2.1.0]
	at com.mnt.core.auth.BasicAuthAction.call(BasicAuthAction.java:22) ~[na:na]
	at play.mvc.Security$AuthenticatedAction.call(Security.java:39) ~[play_2.10.jar:2.1.0]
	at play.core.j.JavaAction$$anon$2.apply(JavaAction.scala:74) ~[play_2.10.jar:2.1.0]
	at play.core.j.JavaAction$$anon$2.apply(JavaAction.scala:73) ~[play_2.10.jar:2.1.0]
	at play.libs.F$Promise$PromiseActor.onReceive(F.java:420) ~[play_2.10.jar:2.1.0]
	at akka.actor.UntypedActor$$anonfun$receive$1.applyOrElse(UntypedActor.scala:159) ~[akka-actor_2.10.jar:na]
	at akka.actor.ActorCell.receiveMessage(ActorCell.scala:425) ~[akka-actor_2.10.jar:na]
	at akka.actor.ActorCell.invoke(ActorCell.scala:386) ~[akka-actor_2.10.jar:na]
	at akka.dispatch.Mailbox.processMailbox(Mailbox.scala:230) ~[akka-actor_2.10.jar:na]
	at akka.dispatch.Mailbox.run(Mailbox.scala:212) ~[akka-actor_2.10.jar:na]
	at akka.dispatch.ForkJoinExecutorConfigurator$MailboxExecutionTask.exec(AbstractDispatcher.scala:502) ~[akka-actor_2.10.jar:na]
	at scala.concurrent.forkjoin.ForkJoinTask.doExec(ForkJoinTask.java:262) ~[scala-library.jar:na]
	at scala.concurrent.forkjoin.ForkJoinPool$WorkQueue.runTask(ForkJoinPool.java:975) ~[scala-library.jar:na]
	at scala.concurrent.forkjoin.ForkJoinPool.runWorker(ForkJoinPool.java:1478) ~[scala-library.jar:na]
	at scala.concurrent.forkjoin.ForkJoinWorkerThread.run(ForkJoinWorkerThread.java:104) ~[scala-library.jar:na]

2014-04-21 14:21:27,967 - [ERROR] - from application in play-internal-execution-context-1 


! @6i1lo7375 - Internal server error, for (GET) [/findPM?query=a&param=undefined&page_limit=10&_=1398104442490] ->

play.api.Application$$anon$1: Execution exception[[NumberFormatException: For input string: "undefined"]]
	at play.api.Application$class.handleError(Application.scala:289) ~[play_2.10.jar:2.1.0]
	at play.api.DefaultApplication.handleError(Application.scala:383) [play_2.10.jar:2.1.0]
	at play.core.server.netty.PlayDefaultUpstreamHandler$$anon$2$$anonfun$handle$1.apply(PlayDefaultUpstreamHandler.scala:132) [play_2.10.jar:2.1.0]
	at play.core.server.netty.PlayDefaultUpstreamHandler$$anon$2$$anonfun$handle$1.apply(PlayDefaultUpstreamHandler.scala:128) [play_2.10.jar:2.1.0]
	at play.api.libs.concurrent.PlayPromise$$anonfun$extend1$1.apply(Promise.scala:113) [play_2.10.jar:2.1.0]
	at play.api.libs.concurrent.PlayPromise$$anonfun$extend1$1.apply(Promise.scala:113) [play_2.10.jar:2.1.0]
	at play.api.libs.concurrent.PlayPromise$$anonfun$extend$1$$anonfun$apply$1.apply(Promise.scala:104) [play_2.10.jar:2.1.0]
	at scala.concurrent.impl.Future$PromiseCompletingRunnable.liftedTree1$1(Future.scala:24) [scala-library.jar:na]
	at scala.concurrent.impl.Future$PromiseCompletingRunnable.run(Future.scala:24) [scala-library.jar:na]
	at java.util.concurrent.ThreadPoolExecutor$Worker.runTask(ThreadPoolExecutor.java:895) [na:1.6.0_65]
	at java.util.concurrent.ThreadPoolExecutor$Worker.run(ThreadPoolExecutor.java:918) [na:1.6.0_65]
	at java.lang.Thread.run(Thread.java:695) [na:1.6.0_65]
java.lang.NumberFormatException: For input string: "undefined"
	at java.lang.NumberFormatException.forInputString(NumberFormatException.java:48) ~[na:1.6.0_65]
	at java.lang.Long.parseLong(Long.java:410) ~[na:1.6.0_65]
	at java.lang.Long.parseLong(Long.java:468) ~[na:1.6.0_65]
	at controllers.Users.findUpperLevelUser(Users.java:253) ~[na:na]
	at controllers.Users.findProjectManagers(Users.java:181) ~[na:na]
	at Routes$$anonfun$routes$1$$anonfun$applyOrElse$44$$anonfun$apply$44.apply(routes_routing.scala:969) ~[na:na]
	at Routes$$anonfun$routes$1$$anonfun$applyOrElse$44$$anonfun$apply$44.apply(routes_routing.scala:969) ~[na:na]
	at play.core.Router$HandlerInvoker$$anon$6$$anon$2.invocation(Router.scala:141) ~[play_2.10.jar:2.1.0]
	at play.core.Router$Routes$$anon$1.invocation(Router.scala:322) ~[play_2.10.jar:2.1.0]
	at play.core.j.JavaAction$$anon$1.call(JavaAction.scala:31) ~[play_2.10.jar:2.1.0]
	at play.GlobalSettings$1.call(GlobalSettings.java:63) ~[play_2.10.jar:2.1.0]
	at com.mnt.core.auth.BasicAuthAction.call(BasicAuthAction.java:22) ~[na:na]
	at play.mvc.Security$AuthenticatedAction.call(Security.java:39) ~[play_2.10.jar:2.1.0]
	at play.core.j.JavaAction$$anon$2.apply(JavaAction.scala:74) ~[play_2.10.jar:2.1.0]
	at play.core.j.JavaAction$$anon$2.apply(JavaAction.scala:73) ~[play_2.10.jar:2.1.0]
	at play.libs.F$Promise$PromiseActor.onReceive(F.java:420) ~[play_2.10.jar:2.1.0]
	at akka.actor.UntypedActor$$anonfun$receive$1.applyOrElse(UntypedActor.scala:159) ~[akka-actor_2.10.jar:na]
	at akka.actor.ActorCell.receiveMessage(ActorCell.scala:425) ~[akka-actor_2.10.jar:na]
	at akka.actor.ActorCell.invoke(ActorCell.scala:386) ~[akka-actor_2.10.jar:na]
	at akka.dispatch.Mailbox.processMailbox(Mailbox.scala:230) ~[akka-actor_2.10.jar:na]
	at akka.dispatch.Mailbox.run(Mailbox.scala:212) ~[akka-actor_2.10.jar:na]
	at akka.dispatch.ForkJoinExecutorConfigurator$MailboxExecutionTask.exec(AbstractDispatcher.scala:502) ~[akka-actor_2.10.jar:na]
	at scala.concurrent.forkjoin.ForkJoinTask.doExec(ForkJoinTask.java:262) ~[scala-library.jar:na]
	at scala.concurrent.forkjoin.ForkJoinPool$WorkQueue.runTask(ForkJoinPool.java:975) ~[scala-library.jar:na]
	at scala.concurrent.forkjoin.ForkJoinPool.runWorker(ForkJoinPool.java:1478) ~[scala-library.jar:na]
	at scala.concurrent.forkjoin.ForkJoinWorkerThread.run(ForkJoinWorkerThread.java:104) ~[scala-library.jar:na]

2014-04-21 14:21:28,344 - [ERROR] - from application in play-internal-execution-context-4 


! @6i1lo73lh - Internal server error, for (GET) [/findPM?query=ad&param=undefined&page_limit=10&_=1398104442491] ->

play.api.Application$$anon$1: Execution exception[[NumberFormatException: For input string: "undefined"]]
	at play.api.Application$class.handleError(Application.scala:289) ~[play_2.10.jar:2.1.0]
	at play.api.DefaultApplication.handleError(Application.scala:383) [play_2.10.jar:2.1.0]
	at play.core.server.netty.PlayDefaultUpstreamHandler$$anon$2$$anonfun$handle$1.apply(PlayDefaultUpstreamHandler.scala:132) [play_2.10.jar:2.1.0]
	at play.core.server.netty.PlayDefaultUpstreamHandler$$anon$2$$anonfun$handle$1.apply(PlayDefaultUpstreamHandler.scala:128) [play_2.10.jar:2.1.0]
	at play.api.libs.concurrent.PlayPromise$$anonfun$extend1$1.apply(Promise.scala:113) [play_2.10.jar:2.1.0]
	at play.api.libs.concurrent.PlayPromise$$anonfun$extend1$1.apply(Promise.scala:113) [play_2.10.jar:2.1.0]
	at play.api.libs.concurrent.PlayPromise$$anonfun$extend$1$$anonfun$apply$1.apply(Promise.scala:104) [play_2.10.jar:2.1.0]
	at scala.concurrent.impl.Future$PromiseCompletingRunnable.liftedTree1$1(Future.scala:24) [scala-library.jar:na]
	at scala.concurrent.impl.Future$PromiseCompletingRunnable.run(Future.scala:24) [scala-library.jar:na]
	at java.util.concurrent.ThreadPoolExecutor$Worker.runTask(ThreadPoolExecutor.java:895) [na:1.6.0_65]
	at java.util.concurrent.ThreadPoolExecutor$Worker.run(ThreadPoolExecutor.java:918) [na:1.6.0_65]
	at java.lang.Thread.run(Thread.java:695) [na:1.6.0_65]
java.lang.NumberFormatException: For input string: "undefined"
	at java.lang.NumberFormatException.forInputString(NumberFormatException.java:48) ~[na:1.6.0_65]
	at java.lang.Long.parseLong(Long.java:410) ~[na:1.6.0_65]
	at java.lang.Long.parseLong(Long.java:468) ~[na:1.6.0_65]
	at controllers.Users.findUpperLevelUser(Users.java:253) ~[na:na]
	at controllers.Users.findProjectManagers(Users.java:181) ~[na:na]
	at Routes$$anonfun$routes$1$$anonfun$applyOrElse$44$$anonfun$apply$44.apply(routes_routing.scala:969) ~[na:na]
	at Routes$$anonfun$routes$1$$anonfun$applyOrElse$44$$anonfun$apply$44.apply(routes_routing.scala:969) ~[na:na]
	at play.core.Router$HandlerInvoker$$anon$6$$anon$2.invocation(Router.scala:141) ~[play_2.10.jar:2.1.0]
	at play.core.Router$Routes$$anon$1.invocation(Router.scala:322) ~[play_2.10.jar:2.1.0]
	at play.core.j.JavaAction$$anon$1.call(JavaAction.scala:31) ~[play_2.10.jar:2.1.0]
	at play.GlobalSettings$1.call(GlobalSettings.java:63) ~[play_2.10.jar:2.1.0]
	at com.mnt.core.auth.BasicAuthAction.call(BasicAuthAction.java:22) ~[na:na]
	at play.mvc.Security$AuthenticatedAction.call(Security.java:39) ~[play_2.10.jar:2.1.0]
	at play.core.j.JavaAction$$anon$2.apply(JavaAction.scala:74) ~[play_2.10.jar:2.1.0]
	at play.core.j.JavaAction$$anon$2.apply(JavaAction.scala:73) ~[play_2.10.jar:2.1.0]
	at play.libs.F$Promise$PromiseActor.onReceive(F.java:420) ~[play_2.10.jar:2.1.0]
	at akka.actor.UntypedActor$$anonfun$receive$1.applyOrElse(UntypedActor.scala:159) ~[akka-actor_2.10.jar:na]
	at akka.actor.ActorCell.receiveMessage(ActorCell.scala:425) ~[akka-actor_2.10.jar:na]
	at akka.actor.ActorCell.invoke(ActorCell.scala:386) ~[akka-actor_2.10.jar:na]
	at akka.dispatch.Mailbox.processMailbox(Mailbox.scala:230) ~[akka-actor_2.10.jar:na]
	at akka.dispatch.Mailbox.run(Mailbox.scala:212) ~[akka-actor_2.10.jar:na]
	at akka.dispatch.ForkJoinExecutorConfigurator$MailboxExecutionTask.exec(AbstractDispatcher.scala:502) ~[akka-actor_2.10.jar:na]
	at scala.concurrent.forkjoin.ForkJoinTask.doExec(ForkJoinTask.java:262) ~[scala-library.jar:na]
	at scala.concurrent.forkjoin.ForkJoinPool$WorkQueue.runTask(ForkJoinPool.java:975) ~[scala-library.jar:na]
	at scala.concurrent.forkjoin.ForkJoinPool.runWorker(ForkJoinPool.java:1478) ~[scala-library.jar:na]
	at scala.concurrent.forkjoin.ForkJoinWorkerThread.run(ForkJoinWorkerThread.java:104) ~[scala-library.jar:na]

2014-04-21 14:21:35,693 - [ERROR] - from application in play-internal-execution-context-3 


! @6i1lo7ei8 - Internal server error, for (GET) [/findPM?query=a&param=undefined&page_limit=10&_=1398104442492] ->

play.api.Application$$anon$1: Execution exception[[NumberFormatException: For input string: "undefined"]]
	at play.api.Application$class.handleError(Application.scala:289) ~[play_2.10.jar:2.1.0]
	at play.api.DefaultApplication.handleError(Application.scala:383) [play_2.10.jar:2.1.0]
	at play.core.server.netty.PlayDefaultUpstreamHandler$$anon$2$$anonfun$handle$1.apply(PlayDefaultUpstreamHandler.scala:132) [play_2.10.jar:2.1.0]
	at play.core.server.netty.PlayDefaultUpstreamHandler$$anon$2$$anonfun$handle$1.apply(PlayDefaultUpstreamHandler.scala:128) [play_2.10.jar:2.1.0]
	at play.api.libs.concurrent.PlayPromise$$anonfun$extend1$1.apply(Promise.scala:113) [play_2.10.jar:2.1.0]
	at play.api.libs.concurrent.PlayPromise$$anonfun$extend1$1.apply(Promise.scala:113) [play_2.10.jar:2.1.0]
	at play.api.libs.concurrent.PlayPromise$$anonfun$extend$1$$anonfun$apply$1.apply(Promise.scala:104) [play_2.10.jar:2.1.0]
	at scala.concurrent.impl.Future$PromiseCompletingRunnable.liftedTree1$1(Future.scala:24) [scala-library.jar:na]
	at scala.concurrent.impl.Future$PromiseCompletingRunnable.run(Future.scala:24) [scala-library.jar:na]
	at java.util.concurrent.ThreadPoolExecutor$Worker.runTask(ThreadPoolExecutor.java:895) [na:1.6.0_65]
	at java.util.concurrent.ThreadPoolExecutor$Worker.run(ThreadPoolExecutor.java:918) [na:1.6.0_65]
	at java.lang.Thread.run(Thread.java:695) [na:1.6.0_65]
java.lang.NumberFormatException: For input string: "undefined"
	at java.lang.NumberFormatException.forInputString(NumberFormatException.java:48) ~[na:1.6.0_65]
	at java.lang.Long.parseLong(Long.java:410) ~[na:1.6.0_65]
	at java.lang.Long.parseLong(Long.java:468) ~[na:1.6.0_65]
	at controllers.Users.findUpperLevelUser(Users.java:253) ~[na:na]
	at controllers.Users.findProjectManagers(Users.java:181) ~[na:na]
	at Routes$$anonfun$routes$1$$anonfun$applyOrElse$44$$anonfun$apply$44.apply(routes_routing.scala:969) ~[na:na]
	at Routes$$anonfun$routes$1$$anonfun$applyOrElse$44$$anonfun$apply$44.apply(routes_routing.scala:969) ~[na:na]
	at play.core.Router$HandlerInvoker$$anon$6$$anon$2.invocation(Router.scala:141) ~[play_2.10.jar:2.1.0]
	at play.core.Router$Routes$$anon$1.invocation(Router.scala:322) ~[play_2.10.jar:2.1.0]
	at play.core.j.JavaAction$$anon$1.call(JavaAction.scala:31) ~[play_2.10.jar:2.1.0]
	at play.GlobalSettings$1.call(GlobalSettings.java:63) ~[play_2.10.jar:2.1.0]
	at com.mnt.core.auth.BasicAuthAction.call(BasicAuthAction.java:22) ~[na:na]
	at play.mvc.Security$AuthenticatedAction.call(Security.java:39) ~[play_2.10.jar:2.1.0]
	at play.core.j.JavaAction$$anon$2.apply(JavaAction.scala:74) ~[play_2.10.jar:2.1.0]
	at play.core.j.JavaAction$$anon$2.apply(JavaAction.scala:73) ~[play_2.10.jar:2.1.0]
	at play.libs.F$Promise$PromiseActor.onReceive(F.java:420) ~[play_2.10.jar:2.1.0]
	at akka.actor.UntypedActor$$anonfun$receive$1.applyOrElse(UntypedActor.scala:159) ~[akka-actor_2.10.jar:na]
	at akka.actor.ActorCell.receiveMessage(ActorCell.scala:425) ~[akka-actor_2.10.jar:na]
	at akka.actor.ActorCell.invoke(ActorCell.scala:386) ~[akka-actor_2.10.jar:na]
	at akka.dispatch.Mailbox.processMailbox(Mailbox.scala:230) ~[akka-actor_2.10.jar:na]
	at akka.dispatch.Mailbox.run(Mailbox.scala:212) ~[akka-actor_2.10.jar:na]
	at akka.dispatch.ForkJoinExecutorConfigurator$MailboxExecutionTask.exec(AbstractDispatcher.scala:502) ~[akka-actor_2.10.jar:na]
	at scala.concurrent.forkjoin.ForkJoinTask.doExec(ForkJoinTask.java:262) ~[scala-library.jar:na]
	at scala.concurrent.forkjoin.ForkJoinPool$WorkQueue.runTask(ForkJoinPool.java:975) ~[scala-library.jar:na]
	at scala.concurrent.forkjoin.ForkJoinPool.runWorker(ForkJoinPool.java:1478) ~[scala-library.jar:na]
	at scala.concurrent.forkjoin.ForkJoinWorkerThread.run(ForkJoinWorkerThread.java:104) ~[scala-library.jar:na]

2014-04-22 18:31:03,224 - [INFO] - from play in New I/O  worker #5 
Shutdown application default Akka system.

2014-04-22 18:31:03,353 - [INFO] - from play in New I/O  worker #5 
database [default] connected at jdbc:mysql://localhost/time_trotter

2014-04-22 18:31:03,749 - [INFO] - from play in New I/O  worker #5 
Application started (Dev)

2014-04-22 19:23:38,447 - [INFO] - from play in New I/O  worker #5 
database [default] connected at jdbc:mysql://localhost/time_trotter

2014-04-22 19:23:38,625 - [INFO] - from play in New I/O  worker #5 
Application started (Dev)

2014-04-22 19:35:15,528 - [INFO] - from play in New I/O  worker #1 
database [default] connected at jdbc:mysql://localhost/time_trotter

2014-04-22 19:35:15,691 - [INFO] - from play in New I/O  worker #1 
Application started (Dev)

2014-04-22 19:35:45,160 - [INFO] - from play in New I/O  worker #7 
database [default] connected at jdbc:mysql://localhost/time_trotter

2014-04-22 19:35:45,325 - [INFO] - from play in New I/O  worker #7 
Application started (Dev)

2014-04-22 19:35:55,330 - [INFO] - from play in New I/O  worker #8 
database [default] connected at jdbc:mysql://localhost/time_trotter

2014-04-22 19:35:55,463 - [INFO] - from play in New I/O  worker #8 
Application started (Dev)

2014-04-22 19:36:39,683 - [INFO] - from play in New I/O  worker #1 
database [default] connected at jdbc:mysql://localhost/time_trotter

2014-04-22 19:36:39,807 - [INFO] - from play in New I/O  worker #1 
Application started (Dev)

2014-04-22 19:36:57,979 - [INFO] - from play in New I/O  worker #3 
database [default] connected at jdbc:mysql://localhost/time_trotter

2014-04-22 19:36:58,096 - [INFO] - from play in New I/O  worker #3 
Application started (Dev)

2014-04-22 22:21:29,926 - [INFO] - from play in New I/O  worker #5 
database [default] connected at jdbc:mysql://localhost/time_trotter

2014-04-22 22:21:30,054 - [INFO] - from play in New I/O  worker #5 
Application started (Dev)

2014-04-22 22:26:28,675 - [INFO] - from play in New I/O  worker #8 
database [default] connected at jdbc:mysql://localhost/time_trotter

2014-04-22 22:26:28,806 - [INFO] - from play in New I/O  worker #8 
Application started (Dev)

2014-04-22 22:26:47,136 - [INFO] - from play in New I/O  worker #5 
database [default] connected at jdbc:mysql://localhost/time_trotter

2014-04-22 22:26:47,263 - [INFO] - from play in New I/O  worker #5 
Application started (Dev)

2014-04-22 22:27:22,856 - [INFO] - from play in New I/O  worker #5 
database [default] connected at jdbc:mysql://localhost/time_trotter

2014-04-22 22:27:22,979 - [INFO] - from play in New I/O  worker #5 
Application started (Dev)

2014-04-22 22:34:05,090 - [INFO] - from play in New I/O  worker #3 
database [default] connected at jdbc:mysql://localhost/time_trotter

2014-04-22 22:34:05,220 - [INFO] - from play in New I/O  worker #3 
Application started (Dev)

2014-04-22 22:47:35,360 - [INFO] - from play in New I/O  worker #2 
database [default] connected at jdbc:mysql://localhost/time_trotter

2014-04-22 22:47:35,472 - [INFO] - from play in New I/O  worker #2 
Application started (Dev)

2014-04-22 22:48:46,623 - [INFO] - from play in New I/O  worker #1 
database [default] connected at jdbc:mysql://localhost/time_trotter

2014-04-22 22:48:46,739 - [INFO] - from play in New I/O  worker #1 
Application started (Dev)

2014-04-22 22:49:31,509 - [INFO] - from play in New I/O  worker #3 
database [default] connected at jdbc:mysql://localhost/time_trotter

2014-04-22 22:49:31,628 - [INFO] - from play in New I/O  worker #3 
Application started (Dev)

2014-04-22 22:51:02,948 - [INFO] - from play in New I/O  worker #2 
database [default] connected at jdbc:mysql://localhost/time_trotter

2014-04-22 22:51:03,066 - [INFO] - from play in New I/O  worker #2 
Application started (Dev)

2014-04-22 22:56:51,079 - [INFO] - from play in New I/O  worker #4 
database [default] connected at jdbc:mysql://localhost/time_trotter

2014-04-22 22:56:51,195 - [INFO] - from play in New I/O  worker #4 
Application started (Dev)

2014-04-22 22:58:34,007 - [INFO] - from play in New I/O  worker #7 
database [default] connected at jdbc:mysql://localhost/time_trotter

2014-04-22 22:58:34,136 - [INFO] - from play in New I/O  worker #7 
Application started (Dev)

